{"E:\\practice\\index.js": {"path":"E:\\practice\\index.js","statementMap":{"0":{"start":{"line":1,"column":16},"end":{"line":1,"column":34}},"1":{"start":{"line":2,"column":13},"end":{"line":2,"column":28}},"2":{"start":{"line":3,"column":19},"end":{"line":3,"column":41}},"3":{"start":{"line":4,"column":32},"end":{"line":4,"column":54}},"4":{"start":{"line":5,"column":30},"end":{"line":5,"column":52}},"5":{"start":{"line":7,"column":12},"end":{"line":7,"column":21}},"6":{"start":{"line":8,"column":0},"end":{"line":8,"column":27}},"7":{"start":{"line":10,"column":0},"end":{"line":12,"column":2}},"8":{"start":{"line":11,"column":4},"end":{"line":11,"column":60}},"9":{"start":{"line":14,"column":0},"end":{"line":23,"column":3}},"10":{"start":{"line":15,"column":47},"end":{"line":15,"column":59}},"11":{"start":{"line":16,"column":4},"end":{"line":22,"column":5}},"12":{"start":{"line":17,"column":8},"end":{"line":19,"column":71}},"13":{"start":{"line":21,"column":8},"end":{"line":21,"column":45}},"14":{"start":{"line":25,"column":0},"end":{"line":34,"column":3}},"15":{"start":{"line":26,"column":33},"end":{"line":26,"column":45}},"16":{"start":{"line":27,"column":4},"end":{"line":33,"column":5}},"17":{"start":{"line":28,"column":8},"end":{"line":30,"column":57}},"18":{"start":{"line":32,"column":8},"end":{"line":32,"column":45}},"19":{"start":{"line":36,"column":0},"end":{"line":36,"column":21}}},"fnMap":{"0":{"name":"(anonymous_0)","decl":{"start":{"line":10,"column":13},"end":{"line":10,"column":14}},"loc":{"start":{"line":10,"column":36},"end":{"line":12,"column":1}},"line":10},"1":{"name":"(anonymous_1)","decl":{"start":{"line":14,"column":22},"end":{"line":14,"column":23}},"loc":{"start":{"line":14,"column":45},"end":{"line":23,"column":1}},"line":14},"2":{"name":"(anonymous_2)","decl":{"start":{"line":25,"column":21},"end":{"line":25,"column":22}},"loc":{"start":{"line":25,"column":43},"end":{"line":34,"column":1}},"line":25}},"branchMap":{},"s":{"0":1,"1":1,"2":1,"3":1,"4":1,"5":1,"6":1,"7":1,"8":0,"9":1,"10":10,"11":10,"12":10,"13":0,"14":1,"15":7,"16":7,"17":7,"18":0,"19":1},"f":{"0":0,"1":10,"2":7},"b":{},"_coverageSchema":"1a1c01bbd47fc00a2c39e90264f33305004495a9","hash":"48de196e69bee38d245053b16dbb056999685bc3"}
,"E:\\practice\\operation.js": {"path":"E:\\practice\\operation.js","statementMap":{"0":{"start":{"line":2,"column":4},"end":{"line":2,"column":32}},"1":{"start":{"line":3,"column":4},"end":{"line":3,"column":34}},"2":{"start":{"line":4,"column":4},"end":{"line":6,"column":5}},"3":{"start":{"line":5,"column":8},"end":{"line":5,"column":45}},"4":{"start":{"line":7,"column":4},"end":{"line":7,"column":32}},"5":{"start":{"line":10,"column":20},"end":{"line":17,"column":1}},"6":{"start":{"line":11,"column":4},"end":{"line":11,"column":29}},"7":{"start":{"line":12,"column":4},"end":{"line":12,"column":33}},"8":{"start":{"line":13,"column":4},"end":{"line":15,"column":5}},"9":{"start":{"line":14,"column":8},"end":{"line":14,"column":45}},"10":{"start":{"line":16,"column":8},"end":{"line":16,"column":32}},"11":{"start":{"line":19,"column":23},"end":{"line":26,"column":1}},"12":{"start":{"line":20,"column":4},"end":{"line":20,"column":34}},"13":{"start":{"line":21,"column":4},"end":{"line":21,"column":33}},"14":{"start":{"line":22,"column":4},"end":{"line":24,"column":5}},"15":{"start":{"line":23,"column":8},"end":{"line":23,"column":45}},"16":{"start":{"line":25,"column":8},"end":{"line":25,"column":32}},"17":{"start":{"line":28,"column":17},"end":{"line":38,"column":1}},"18":{"start":{"line":29,"column":4},"end":{"line":29,"column":30}},"19":{"start":{"line":30,"column":4},"end":{"line":30,"column":30}},"20":{"start":{"line":31,"column":4},"end":{"line":36,"column":9}},"21":{"start":{"line":32,"column":8},"end":{"line":32,"column":45}},"22":{"start":{"line":34,"column":9},"end":{"line":36,"column":9}},"23":{"start":{"line":35,"column":12},"end":{"line":35,"column":38}},"24":{"start":{"line":37,"column":4},"end":{"line":37,"column":36}},"25":{"start":{"line":40,"column":23},"end":{"line":47,"column":1}},"26":{"start":{"line":41,"column":4},"end":{"line":41,"column":27}},"27":{"start":{"line":42,"column":4},"end":{"line":42,"column":28}},"28":{"start":{"line":43,"column":4},"end":{"line":45,"column":5}},"29":{"start":{"line":44,"column":8},"end":{"line":44,"column":47}},"30":{"start":{"line":46,"column":8},"end":{"line":46,"column":40}},"31":{"start":{"line":49,"column":16},"end":{"line":59,"column":1}},"32":{"start":{"line":50,"column":4},"end":{"line":50,"column":27}},"33":{"start":{"line":51,"column":4},"end":{"line":51,"column":30}},"34":{"start":{"line":52,"column":4},"end":{"line":57,"column":9}},"35":{"start":{"line":53,"column":8},"end":{"line":53,"column":46}},"36":{"start":{"line":55,"column":9},"end":{"line":57,"column":9}},"37":{"start":{"line":56,"column":12},"end":{"line":56,"column":43}},"38":{"start":{"line":58,"column":4},"end":{"line":58,"column":41}},"39":{"start":{"line":61,"column":19},"end":{"line":70,"column":1}},"40":{"start":{"line":62,"column":4},"end":{"line":62,"column":27}},"41":{"start":{"line":63,"column":4},"end":{"line":68,"column":9}},"42":{"start":{"line":64,"column":8},"end":{"line":64,"column":46}},"43":{"start":{"line":66,"column":9},"end":{"line":68,"column":9}},"44":{"start":{"line":67,"column":12},"end":{"line":67,"column":34}},"45":{"start":{"line":69,"column":8},"end":{"line":69,"column":51}},"46":{"start":{"line":72,"column":14},"end":{"line":79,"column":1}},"47":{"start":{"line":73,"column":4},"end":{"line":73,"column":27}},"48":{"start":{"line":74,"column":4},"end":{"line":76,"column":5}},"49":{"start":{"line":75,"column":8},"end":{"line":75,"column":45}},"50":{"start":{"line":77,"column":8},"end":{"line":77,"column":29}},"51":{"start":{"line":81,"column":15},"end":{"line":87,"column":1}},"52":{"start":{"line":82,"column":4},"end":{"line":82,"column":27}},"53":{"start":{"line":83,"column":4},"end":{"line":85,"column":5}},"54":{"start":{"line":84,"column":8},"end":{"line":84,"column":46}},"55":{"start":{"line":86,"column":8},"end":{"line":86,"column":29}},"56":{"start":{"line":89,"column":16},"end":{"line":97,"column":1}},"57":{"start":{"line":90,"column":4},"end":{"line":90,"column":27}},"58":{"start":{"line":91,"column":4},"end":{"line":95,"column":9}},"59":{"start":{"line":92,"column":8},"end":{"line":92,"column":47}},"60":{"start":{"line":93,"column":11},"end":{"line":95,"column":9}},"61":{"start":{"line":94,"column":12},"end":{"line":94,"column":33}},"62":{"start":{"line":96,"column":8},"end":{"line":96,"column":53}},"63":{"start":{"line":99,"column":18},"end":{"line":108,"column":1}},"64":{"start":{"line":100,"column":4},"end":{"line":100,"column":27}},"65":{"start":{"line":101,"column":4},"end":{"line":105,"column":9}},"66":{"start":{"line":102,"column":8},"end":{"line":102,"column":47}},"67":{"start":{"line":103,"column":11},"end":{"line":105,"column":9}},"68":{"start":{"line":104,"column":12},"end":{"line":104,"column":37}},"69":{"start":{"line":106,"column":8},"end":{"line":106,"column":48}},"70":{"start":{"line":110,"column":26},"end":{"line":117,"column":1}},"71":{"start":{"line":119,"column":24},"end":{"line":125,"column":1}},"72":{"start":{"line":127,"column":28},"end":{"line":130,"column":1}},"73":{"start":{"line":128,"column":22},"end":{"line":128,"column":49}},"74":{"start":{"line":129,"column":4},"end":{"line":129,"column":100}},"75":{"start":{"line":129,"column":57},"end":{"line":129,"column":97}},"76":{"start":{"line":132,"column":27},"end":{"line":135,"column":1}},"77":{"start":{"line":133,"column":22},"end":{"line":133,"column":47}},"78":{"start":{"line":134,"column":4},"end":{"line":134,"column":100}},"79":{"start":{"line":134,"column":57},"end":{"line":134,"column":97}},"80":{"start":{"line":137,"column":0},"end":{"line":137,"column":61}}},"fnMap":{"0":{"name":"addition","decl":{"start":{"line":1,"column":9},"end":{"line":1,"column":17}},"loc":{"start":{"line":1,"column":39},"end":{"line":8,"column":1}},"line":1},"1":{"name":"(anonymous_1)","decl":{"start":{"line":10,"column":20},"end":{"line":10,"column":21}},"loc":{"start":{"line":10,"column":45},"end":{"line":17,"column":1}},"line":10},"2":{"name":"(anonymous_2)","decl":{"start":{"line":19,"column":23},"end":{"line":19,"column":24}},"loc":{"start":{"line":19,"column":53},"end":{"line":26,"column":1}},"line":19},"3":{"name":"(anonymous_3)","decl":{"start":{"line":28,"column":17},"end":{"line":28,"column":18}},"loc":{"start":{"line":28,"column":40},"end":{"line":38,"column":1}},"line":28},"4":{"name":"(anonymous_4)","decl":{"start":{"line":40,"column":23},"end":{"line":40,"column":24}},"loc":{"start":{"line":40,"column":41},"end":{"line":47,"column":1}},"line":40},"5":{"name":"(anonymous_5)","decl":{"start":{"line":49,"column":16},"end":{"line":49,"column":17}},"loc":{"start":{"line":49,"column":36},"end":{"line":59,"column":1}},"line":49},"6":{"name":"(anonymous_6)","decl":{"start":{"line":61,"column":19},"end":{"line":61,"column":20}},"loc":{"start":{"line":61,"column":33},"end":{"line":70,"column":1}},"line":61},"7":{"name":"(anonymous_7)","decl":{"start":{"line":72,"column":14},"end":{"line":72,"column":15}},"loc":{"start":{"line":72,"column":27},"end":{"line":79,"column":1}},"line":72},"8":{"name":"(anonymous_8)","decl":{"start":{"line":81,"column":15},"end":{"line":81,"column":16}},"loc":{"start":{"line":81,"column":29},"end":{"line":87,"column":1}},"line":81},"9":{"name":"(anonymous_9)","decl":{"start":{"line":89,"column":16},"end":{"line":89,"column":17}},"loc":{"start":{"line":89,"column":30},"end":{"line":97,"column":1}},"line":89},"10":{"name":"(anonymous_10)","decl":{"start":{"line":99,"column":18},"end":{"line":99,"column":19}},"loc":{"start":{"line":99,"column":32},"end":{"line":108,"column":1}},"line":99},"11":{"name":"(anonymous_11)","decl":{"start":{"line":127,"column":28},"end":{"line":127,"column":29}},"loc":{"start":{"line":127,"column":42},"end":{"line":130,"column":1}},"line":127},"12":{"name":"(anonymous_12)","decl":{"start":{"line":129,"column":49},"end":{"line":129,"column":50}},"loc":{"start":{"line":129,"column":55},"end":{"line":129,"column":99}},"line":129},"13":{"name":"(anonymous_13)","decl":{"start":{"line":132,"column":27},"end":{"line":132,"column":28}},"loc":{"start":{"line":132,"column":41},"end":{"line":135,"column":1}},"line":132},"14":{"name":"(anonymous_14)","decl":{"start":{"line":134,"column":49},"end":{"line":134,"column":50}},"loc":{"start":{"line":134,"column":55},"end":{"line":134,"column":99}},"line":134}},"branchMap":{"0":{"loc":{"start":{"line":4,"column":4},"end":{"line":6,"column":5}},"type":"if","locations":[{"start":{"line":4,"column":4},"end":{"line":6,"column":5}},{"start":{"line":4,"column":4},"end":{"line":6,"column":5}}],"line":4},"1":{"loc":{"start":{"line":4,"column":8},"end":{"line":4,"column":57}},"type":"binary-expr","locations":[{"start":{"line":4,"column":8},"end":{"line":4,"column":30}},{"start":{"line":4,"column":34},"end":{"line":4,"column":57}}],"line":4},"2":{"loc":{"start":{"line":13,"column":4},"end":{"line":15,"column":5}},"type":"if","locations":[{"start":{"line":13,"column":4},"end":{"line":15,"column":5}},{"start":{"line":13,"column":4},"end":{"line":15,"column":5}}],"line":13},"3":{"loc":{"start":{"line":13,"column":7},"end":{"line":13,"column":52}},"type":"binary-expr","locations":[{"start":{"line":13,"column":7},"end":{"line":13,"column":27}},{"start":{"line":13,"column":31},"end":{"line":13,"column":52}}],"line":13},"4":{"loc":{"start":{"line":22,"column":4},"end":{"line":24,"column":5}},"type":"if","locations":[{"start":{"line":22,"column":4},"end":{"line":24,"column":5}},{"start":{"line":22,"column":4},"end":{"line":24,"column":5}}],"line":22},"5":{"loc":{"start":{"line":22,"column":7},"end":{"line":22,"column":52}},"type":"binary-expr","locations":[{"start":{"line":22,"column":7},"end":{"line":22,"column":27}},{"start":{"line":22,"column":31},"end":{"line":22,"column":52}}],"line":22},"6":{"loc":{"start":{"line":31,"column":4},"end":{"line":36,"column":9}},"type":"if","locations":[{"start":{"line":31,"column":4},"end":{"line":36,"column":9}},{"start":{"line":31,"column":4},"end":{"line":36,"column":9}}],"line":31},"7":{"loc":{"start":{"line":31,"column":7},"end":{"line":31,"column":52}},"type":"binary-expr","locations":[{"start":{"line":31,"column":7},"end":{"line":31,"column":27}},{"start":{"line":31,"column":31},"end":{"line":31,"column":52}}],"line":31},"8":{"loc":{"start":{"line":34,"column":9},"end":{"line":36,"column":9}},"type":"if","locations":[{"start":{"line":34,"column":9},"end":{"line":36,"column":9}},{"start":{"line":34,"column":9},"end":{"line":36,"column":9}}],"line":34},"9":{"loc":{"start":{"line":43,"column":4},"end":{"line":45,"column":5}},"type":"if","locations":[{"start":{"line":43,"column":4},"end":{"line":45,"column":5}},{"start":{"line":43,"column":4},"end":{"line":45,"column":5}}],"line":43},"10":{"loc":{"start":{"line":43,"column":7},"end":{"line":43,"column":52}},"type":"binary-expr","locations":[{"start":{"line":43,"column":7},"end":{"line":43,"column":27}},{"start":{"line":43,"column":31},"end":{"line":43,"column":52}}],"line":43},"11":{"loc":{"start":{"line":52,"column":4},"end":{"line":57,"column":9}},"type":"if","locations":[{"start":{"line":52,"column":4},"end":{"line":57,"column":9}},{"start":{"line":52,"column":4},"end":{"line":57,"column":9}}],"line":52},"12":{"loc":{"start":{"line":52,"column":7},"end":{"line":52,"column":52}},"type":"binary-expr","locations":[{"start":{"line":52,"column":7},"end":{"line":52,"column":27}},{"start":{"line":52,"column":31},"end":{"line":52,"column":52}}],"line":52},"13":{"loc":{"start":{"line":55,"column":9},"end":{"line":57,"column":9}},"type":"if","locations":[{"start":{"line":55,"column":9},"end":{"line":57,"column":9}},{"start":{"line":55,"column":9},"end":{"line":57,"column":9}}],"line":55},"14":{"loc":{"start":{"line":63,"column":4},"end":{"line":68,"column":9}},"type":"if","locations":[{"start":{"line":63,"column":4},"end":{"line":68,"column":9}},{"start":{"line":63,"column":4},"end":{"line":68,"column":9}}],"line":63},"15":{"loc":{"start":{"line":66,"column":9},"end":{"line":68,"column":9}},"type":"if","locations":[{"start":{"line":66,"column":9},"end":{"line":68,"column":9}},{"start":{"line":66,"column":9},"end":{"line":68,"column":9}}],"line":66},"16":{"loc":{"start":{"line":74,"column":4},"end":{"line":76,"column":5}},"type":"if","locations":[{"start":{"line":74,"column":4},"end":{"line":76,"column":5}},{"start":{"line":74,"column":4},"end":{"line":76,"column":5}}],"line":74},"17":{"loc":{"start":{"line":83,"column":4},"end":{"line":85,"column":5}},"type":"if","locations":[{"start":{"line":83,"column":4},"end":{"line":85,"column":5}},{"start":{"line":83,"column":4},"end":{"line":85,"column":5}}],"line":83},"18":{"loc":{"start":{"line":91,"column":4},"end":{"line":95,"column":9}},"type":"if","locations":[{"start":{"line":91,"column":4},"end":{"line":95,"column":9}},{"start":{"line":91,"column":4},"end":{"line":95,"column":9}}],"line":91},"19":{"loc":{"start":{"line":93,"column":11},"end":{"line":95,"column":9}},"type":"if","locations":[{"start":{"line":93,"column":11},"end":{"line":95,"column":9}},{"start":{"line":93,"column":11},"end":{"line":95,"column":9}}],"line":93},"20":{"loc":{"start":{"line":93,"column":15},"end":{"line":93,"column":99}},"type":"binary-expr","locations":[{"start":{"line":93,"column":16},"end":{"line":93,"column":37}},{"start":{"line":93,"column":43},"end":{"line":93,"column":73}},{"start":{"line":93,"column":79},"end":{"line":93,"column":98}}],"line":93},"21":{"loc":{"start":{"line":101,"column":4},"end":{"line":105,"column":9}},"type":"if","locations":[{"start":{"line":101,"column":4},"end":{"line":105,"column":9}},{"start":{"line":101,"column":4},"end":{"line":105,"column":9}}],"line":101},"22":{"loc":{"start":{"line":103,"column":11},"end":{"line":105,"column":9}},"type":"if","locations":[{"start":{"line":103,"column":11},"end":{"line":105,"column":9}},{"start":{"line":103,"column":11},"end":{"line":105,"column":9}}],"line":103},"23":{"loc":{"start":{"line":129,"column":11},"end":{"line":129,"column":99}},"type":"cond-expr","locations":[{"start":{"line":129,"column":37},"end":{"line":129,"column":46}},{"start":{"line":129,"column":49},"end":{"line":129,"column":99}}],"line":129},"24":{"loc":{"start":{"line":134,"column":11},"end":{"line":134,"column":99}},"type":"cond-expr","locations":[{"start":{"line":134,"column":37},"end":{"line":134,"column":46}},{"start":{"line":134,"column":49},"end":{"line":134,"column":99}}],"line":134}},"s":{"0":4,"1":4,"2":4,"3":2,"4":2,"5":2,"6":4,"7":4,"8":4,"9":1,"10":3,"11":2,"12":3,"13":3,"14":3,"15":1,"16":2,"17":2,"18":5,"19":5,"20":5,"21":1,"22":4,"23":2,"24":2,"25":2,"26":3,"27":3,"28":3,"29":1,"30":2,"31":2,"32":5,"33":5,"34":5,"35":1,"36":4,"37":2,"38":2,"39":2,"40":5,"41":5,"42":1,"43":4,"44":2,"45":2,"46":2,"47":3,"48":3,"49":1,"50":2,"51":2,"52":3,"53":3,"54":1,"55":2,"56":2,"57":3,"58":3,"59":1,"60":2,"61":2,"62":0,"63":2,"64":5,"65":5,"66":1,"67":4,"68":2,"69":2,"70":2,"71":2,"72":2,"73":30,"74":30,"75":0,"76":2,"77":24,"78":24,"79":0,"80":2},"f":{"0":4,"1":4,"2":3,"3":5,"4":3,"5":5,"6":5,"7":3,"8":3,"9":3,"10":5,"11":30,"12":0,"13":24,"14":0},"b":{"0":[2,2],"1":[4,4],"2":[1,3],"3":[4,4],"4":[1,2],"5":[3,3],"6":[1,4],"7":[5,5],"8":[2,2],"9":[1,2],"10":[3,3],"11":[1,4],"12":[5,5],"13":[2,2],"14":[1,4],"15":[2,2],"16":[1,2],"17":[1,2],"18":[1,2],"19":[2,0],"20":[2,2,0],"21":[1,4],"22":[2,2],"23":[30,0],"24":[24,0]},"_coverageSchema":"1a1c01bbd47fc00a2c39e90264f33305004495a9","hash":"b1aeb63d9d06cdbd9808c0a7f1f1adbe45f678d7"}
}
