TN:
SF:index.js
FN:10,(anonymous_0)
FN:14,(anonymous_1)
FN:25,(anonymous_2)
FNF:3
FNH:2
FNDA:0,(anonymous_0)
FNDA:10,(anonymous_1)
FNDA:7,(anonymous_2)
DA:1,1
DA:2,1
DA:3,1
DA:4,1
DA:5,1
DA:7,1
DA:8,1
DA:10,1
DA:11,0
DA:14,1
DA:15,10
DA:16,10
DA:17,10
DA:21,0
DA:25,1
DA:26,7
DA:27,7
DA:28,7
DA:32,0
DA:36,1
LF:20
LH:17
BRF:0
BRH:0
end_of_record
TN:
SF:operation.js
FN:1,addition
FN:10,(anonymous_1)
FN:19,(anonymous_2)
FN:28,(anonymous_3)
FN:40,(anonymous_4)
FN:49,(anonymous_5)
FN:61,(anonymous_6)
FN:72,(anonymous_7)
FN:81,(anonymous_8)
FN:89,(anonymous_9)
FN:99,(anonymous_10)
FN:127,(anonymous_11)
FN:129,(anonymous_12)
FN:132,(anonymous_13)
FN:134,(anonymous_14)
FNF:15
FNH:13
FNDA:4,addition
FNDA:4,(anonymous_1)
FNDA:3,(anonymous_2)
FNDA:5,(anonymous_3)
FNDA:3,(anonymous_4)
FNDA:5,(anonymous_5)
FNDA:5,(anonymous_6)
FNDA:3,(anonymous_7)
FNDA:3,(anonymous_8)
FNDA:3,(anonymous_9)
FNDA:5,(anonymous_10)
FNDA:30,(anonymous_11)
FNDA:0,(anonymous_12)
FNDA:24,(anonymous_13)
FNDA:0,(anonymous_14)
DA:2,4
DA:3,4
DA:4,4
DA:5,2
DA:7,2
DA:10,2
DA:11,4
DA:12,4
DA:13,4
DA:14,1
DA:16,3
DA:19,2
DA:20,3
DA:21,3
DA:22,3
DA:23,1
DA:25,2
DA:28,2
DA:29,5
DA:30,5
DA:31,5
DA:32,1
DA:34,4
DA:35,2
DA:37,2
DA:40,2
DA:41,3
DA:42,3
DA:43,3
DA:44,1
DA:46,2
DA:49,2
DA:50,5
DA:51,5
DA:52,5
DA:53,1
DA:55,4
DA:56,2
DA:58,2
DA:61,2
DA:62,5
DA:63,5
DA:64,1
DA:66,4
DA:67,2
DA:69,2
DA:72,2
DA:73,3
DA:74,3
DA:75,1
DA:77,2
DA:81,2
DA:82,3
DA:83,3
DA:84,1
DA:86,2
DA:89,2
DA:90,3
DA:91,3
DA:92,1
DA:93,2
DA:94,2
DA:96,0
DA:99,2
DA:100,5
DA:101,5
DA:102,1
DA:103,4
DA:104,2
DA:106,2
DA:110,2
DA:119,2
DA:127,2
DA:128,30
DA:129,30
DA:132,2
DA:133,24
DA:134,24
DA:137,2
LF:79
LH:78
BRDA:4,0,0,2
BRDA:4,0,1,2
BRDA:4,1,0,4
BRDA:4,1,1,4
BRDA:13,2,0,1
BRDA:13,2,1,3
BRDA:13,3,0,4
BRDA:13,3,1,4
BRDA:22,4,0,1
BRDA:22,4,1,2
BRDA:22,5,0,3
BRDA:22,5,1,3
BRDA:31,6,0,1
BRDA:31,6,1,4
BRDA:31,7,0,5
BRDA:31,7,1,5
BRDA:34,8,0,2
BRDA:34,8,1,2
BRDA:43,9,0,1
BRDA:43,9,1,2
BRDA:43,10,0,3
BRDA:43,10,1,3
BRDA:52,11,0,1
BRDA:52,11,1,4
BRDA:52,12,0,5
BRDA:52,12,1,5
BRDA:55,13,0,2
BRDA:55,13,1,2
BRDA:63,14,0,1
BRDA:63,14,1,4
BRDA:66,15,0,2
BRDA:66,15,1,2
BRDA:74,16,0,1
BRDA:74,16,1,2
BRDA:83,17,0,1
BRDA:83,17,1,2
BRDA:91,18,0,1
BRDA:91,18,1,2
BRDA:93,19,0,2
BRDA:93,19,1,0
BRDA:93,20,0,2
BRDA:93,20,1,2
BRDA:93,20,2,0
BRDA:101,21,0,1
BRDA:101,21,1,4
BRDA:103,22,0,2
BRDA:103,22,1,2
BRDA:129,23,0,30
BRDA:129,23,1,0
BRDA:134,24,0,24
BRDA:134,24,1,0
BRF:51
BRH:47
end_of_record
